Backtrace :
(signal! #{record <condition-type>} (("Cannot kill line at end of buffer")))
(dynamic-wind #{procedure let-fluid} #{procedure } #{procedure let-fluid})
(command-loop)
locals:
command => #{record <command>}
(dynamic-wind #{procedure with-input-context val} #{procedure command-loop command} #{procedure with-input-context val})
(with-input-context #{record <semantic-type>} global-command-table #{procedure command-loop command})
(command-loop)
(dynamic-wind #{procedure let-fluid} #{procedure command-loop} #{procedure let-fluid})
(command-loop)
( #{procedure command-loop})
locals:
command-loop => #{procedure command-loop}
(dynamic-wind #{procedure let-fluid} #{procedure start-editor} #{procedure let-fluid})
(dynamic-wind #{procedure with-frame} #{procedure with-frame} #{procedure with-frame})
(dynamic-wind #{procedure let-fluid} #{procedure start-editor} #{procedure let-fluid})
(start-editor)
locals:
frame => #{record <frame>}
(dynamic-wind #{procedure let-fluid} #{procedure start-editor} #{procedure let-fluid})
(with-display ":0" #{procedure start-editor})
locals:
channel => #{channel 3}
d => #{record <alien-value>}
